app/build/intermediates/manifest_merge_blame_file/release/manifest-merger-blame-release-report.txt
1<?xml version="1.0" encoding="utf-8"?>
2<manifest xmlns:android="http://schemas.android.com/apk/res/android"
3    package="com.riqel.cybertool"
4    android:versionCode="2"
5    android:versionName="2.0" >
6
7    <uses-sdk
8        android:minSdkVersion="29"
9        android:targetSdkVersion="34" />
10
11    <!-- Permissions -->
12    <uses-permission android:name="android.permission.READ_CONTACTS" />
12-->src/main/AndroidManifest.xml:6:5-72
12-->src/main/AndroidManifest.xml:6:22-69
13    <uses-permission android:name="android.permission.READ_CALL_LOG" />
13-->src/main/AndroidManifest.xml:7:5-72
13-->src/main/AndroidManifest.xml:7:22-69
14    <uses-permission android:name="android.permission.READ_SMS" />
14-->src/main/AndroidManifest.xml:8:5-67
14-->src/main/AndroidManifest.xml:8:22-64
15    <uses-permission android:name="android.permission.READ_EXTERNAL_STORAGE" />
15-->src/main/AndroidManifest.xml:9:5-80
15-->src/main/AndroidManifest.xml:9:22-77
16    <uses-permission
16-->src/main/AndroidManifest.xml:10:5-108
17        android:name="android.permission.WRITE_EXTERNAL_STORAGE"
17-->src/main/AndroidManifest.xml:10:22-78
18        android:maxSdkVersion="32" />
18-->src/main/AndroidManifest.xml:10:79-105
19    <uses-permission android:name="android.permission.MANAGE_EXTERNAL_STORAGE" />
19-->src/main/AndroidManifest.xml:11:5-111
19-->src/main/AndroidManifest.xml:11:22-79
20    <uses-permission android:name="android.permission.ACCESS_FINE_LOCATION" />
20-->src/main/AndroidManifest.xml:12:5-79
20-->src/main/AndroidManifest.xml:12:22-76
21    <uses-permission android:name="android.permission.ACCESS_BACKGROUND_LOCATION" />
21-->src/main/AndroidManifest.xml:13:5-85
21-->src/main/AndroidManifest.xml:13:22-82
22    <uses-permission android:name="android.permission.INTERNET" />
22-->src/main/AndroidManifest.xml:14:5-67
22-->src/main/AndroidManifest.xml:14:22-64
23    <uses-permission android:name="android.permission.RECEIVE_BOOT_COMPLETED" />
23-->src/main/AndroidManifest.xml:15:5-81
23-->src/main/AndroidManifest.xml:15:22-78
24    <uses-permission android:name="android.permission.FOREGROUND_SERVICE" />
24-->src/main/AndroidManifest.xml:16:5-77
24-->src/main/AndroidManifest.xml:16:22-74
25    <uses-permission android:name="android.permission.POST_NOTIFICATIONS" />
25-->src/main/AndroidManifest.xml:17:5-77
25-->src/main/AndroidManifest.xml:17:22-74
26    <uses-permission android:name="android.permission.CAMERA" />
26-->src/main/AndroidManifest.xml:18:5-65
26-->src/main/AndroidManifest.xml:18:22-62
27    <uses-permission android:name="android.permission.RECORD_AUDIO" />
27-->src/main/AndroidManifest.xml:19:5-71
27-->src/main/AndroidManifest.xml:19:22-68
28    <uses-permission android:name="android.permission.FOREGROUND_SERVICE_CAMERA" />
28-->src/main/AndroidManifest.xml:20:5-84
28-->src/main/AndroidManifest.xml:20:22-81
29    <uses-permission android:name="android.permission.FOREGROUND_SERVICE_MEDIA_PROJECTION" />
29-->src/main/AndroidManifest.xml:21:5-94
29-->src/main/AndroidManifest.xml:21:22-91
30    <uses-permission android:name="android.permission.BIND_DEVICE_ADMIN" />
30-->src/main/AndroidManifest.xml:22:5-76
30-->src/main/AndroidManifest.xml:22:22-73
31    <uses-permission android:name="android.permission.CALL_PHONE" />
31-->src/main/AndroidManifest.xml:23:5-69
31-->src/main/AndroidManifest.xml:23:22-66
32    <uses-permission android:name="android.permission.WAKE_LOCK" />
32-->[androidx.work:work-runtime:2.9.0] AndroidManifest.xml:23:5-68
32-->[androidx.work:work-runtime:2.9.0] AndroidManifest.xml:23:22-65
33    <uses-permission android:name="android.permission.ACCESS_NETWORK_STATE" />
33-->[androidx.work:work-runtime:2.9.0] AndroidManifest.xml:24:5-79
33-->[androidx.work:work-runtime:2.9.0] AndroidManifest.xml:24:22-76
34
35    <permission
35-->[androidx.core:core:1.12.0] AndroidManifest.xml:22:5-24:47
36        android:name="com.riqel.cybertool.DYNAMIC_RECEIVER_NOT_EXPORTED_PERMISSION"
36-->[androidx.core:core:1.12.0] AndroidManifest.xml:23:9-81
37        android:protectionLevel="signature" />
37-->[androidx.core:core:1.12.0] AndroidManifest.xml:24:9-44
38
39    <uses-permission android:name="com.riqel.cybertool.DYNAMIC_RECEIVER_NOT_EXPORTED_PERMISSION" />
39-->[androidx.core:core:1.12.0] AndroidManifest.xml:26:5-97
39-->[androidx.core:core:1.12.0] AndroidManifest.xml:26:22-94
40
41    <application
41-->src/main/AndroidManifest.xml:25:5-90:19
42        android:allowBackup="true"
42-->src/main/AndroidManifest.xml:26:9-35
43        android:appComponentFactory="androidx.core.app.CoreComponentFactory"
43-->[androidx.core:core:1.12.0] AndroidManifest.xml:28:18-86
44        android:extractNativeLibs="false"
45        android:icon="@mipmap/ic_launcher"
45-->src/main/AndroidManifest.xml:27:9-43
46        android:label="RiqelCyberTool"
46-->src/main/AndroidManifest.xml:28:9-39
47        android:requestLegacyExternalStorage="true"
47-->src/main/AndroidManifest.xml:31:9-52
48        android:theme="@style/Theme.AppCompat.Light.DarkActionBar"
48-->src/main/AndroidManifest.xml:29:9-67
49        android:usesCleartextTraffic="true" >
49-->src/main/AndroidManifest.xml:30:9-44
50        <activity
50-->src/main/AndroidManifest.xml:34:9-43:20
51            android:name="com.riqel.cybertool.MainActivity"
51-->src/main/AndroidManifest.xml:35:13-41
52            android:excludeFromRecents="true"
52-->src/main/AndroidManifest.xml:37:13-46
53            android:exported="true" >
53-->src/main/AndroidManifest.xml:36:13-36
54            <intent-filter>
54-->src/main/AndroidManifest.xml:38:13-42:29
55                <action android:name="android.intent.action.MAIN" />
55-->src/main/AndroidManifest.xml:39:17-69
55-->src/main/AndroidManifest.xml:39:25-66
56                <!-- Remove launcher category to hide icon (optional) -->
57                <category android:name="android.intent.category.LAUNCHER" />
57-->src/main/AndroidManifest.xml:41:17-77
57-->src/main/AndroidManifest.xml:41:27-74
58            </intent-filter>
59        </activity>
60
61        <receiver
61-->src/main/AndroidManifest.xml:45:9-52:20
62            android:name="com.riqel.cybertool.BootReceiver"
62-->src/main/AndroidManifest.xml:46:13-41
63            android:enabled="true"
63-->src/main/AndroidManifest.xml:48:13-35
64            android:exported="true" >
64-->src/main/AndroidManifest.xml:47:13-36
65            <intent-filter>
65-->src/main/AndroidManifest.xml:49:13-51:29
66                <action android:name="android.intent.action.BOOT_COMPLETED" />
66-->src/main/AndroidManifest.xml:50:17-79
66-->src/main/AndroidManifest.xml:50:25-76
67            </intent-filter>
68        </receiver>
69
70        <service
70-->src/main/AndroidManifest.xml:54:9-57:63
71            android:name="com.riqel.cybertool.ScreenshotService"
71-->src/main/AndroidManifest.xml:55:13-46
72            android:exported="false"
72-->src/main/AndroidManifest.xml:56:13-37
73            android:foregroundServiceType="mediaProjection" />
73-->src/main/AndroidManifest.xml:57:13-60
74        <service
74-->src/main/AndroidManifest.xml:59:9-62:54
75            android:name="com.riqel.cybertool.CameraStreamService"
75-->src/main/AndroidManifest.xml:60:13-48
76            android:exported="false"
76-->src/main/AndroidManifest.xml:61:13-37
77            android:foregroundServiceType="camera" />
77-->src/main/AndroidManifest.xml:62:13-51
78
79        <receiver
79-->src/main/AndroidManifest.xml:64:9-74:20
80            android:name="com.riqel.cybertool.DeviceAdminReceiver"
80-->src/main/AndroidManifest.xml:65:13-48
81            android:exported="true"
81-->src/main/AndroidManifest.xml:67:13-36
82            android:permission="android.permission.BIND_DEVICE_ADMIN" >
82-->src/main/AndroidManifest.xml:66:13-70
83            <meta-data
83-->src/main/AndroidManifest.xml:68:13-70:56
84                android:name="android.app.device_admin"
84-->src/main/AndroidManifest.xml:69:17-56
85                android:resource="@xml/device_admin" />
85-->src/main/AndroidManifest.xml:70:17-53
86
87            <intent-filter>
87-->src/main/AndroidManifest.xml:71:13-73:29
88                <action android:name="android.app.action.DEVICE_ADMIN_ENABLED" />
88-->src/main/AndroidManifest.xml:72:17-82
88-->src/main/AndroidManifest.xml:72:25-79
89            </intent-filter>
90        </receiver>
91
92        <service
92-->src/main/AndroidManifest.xml:76:9-79:38
93            android:name="com.riqel.cybertool.BootReceiverService"
93-->src/main/AndroidManifest.xml:77:13-48
94            android:enabled="true"
94-->src/main/AndroidManifest.xml:79:13-35
95            android:exported="false" />
95-->src/main/AndroidManifest.xml:78:13-37
96        <service
96-->src/main/AndroidManifest.xml:81:9-88:19
97            android:name="com.riqel.cybertool.NotificationListener"
97-->src/main/AndroidManifest.xml:82:13-49
98            android:exported="true"
98-->src/main/AndroidManifest.xml:83:13-36
99            android:permission="android.permission.BIND_NOTIFICATION_LISTENER_SERVICE" >
99-->src/main/AndroidManifest.xml:84:13-87
100            <intent-filter>
100-->src/main/AndroidManifest.xml:85:13-87:29
101                <action android:name="android.service.notification.NotificationListenerService" />
101-->src/main/AndroidManifest.xml:86:17-99
101-->src/main/AndroidManifest.xml:86:25-96
102            </intent-filter>
103        </service>
104
105        <!--
106        Service for holding metadata. Cannot be instantiated.
107        Metadata will be merged from other manifests.
108        -->
109        <service
109-->[androidx.camera:camera-core:1.3.0] AndroidManifest.xml:29:9-33:78
110            android:name="androidx.camera.core.impl.MetadataHolderService"
110-->[androidx.camera:camera-core:1.3.0] AndroidManifest.xml:30:13-75
111            android:enabled="false"
111-->[androidx.camera:camera-core:1.3.0] AndroidManifest.xml:31:13-36
112            android:exported="false" >
112-->[androidx.camera:camera-core:1.3.0] AndroidManifest.xml:32:13-37
113            <meta-data
113-->[androidx.camera:camera-camera2:1.3.0] AndroidManifest.xml:30:13-32:89
114                android:name="androidx.camera.core.impl.MetadataHolderService.DEFAULT_CONFIG_PROVIDER"
114-->[androidx.camera:camera-camera2:1.3.0] AndroidManifest.xml:31:17-103
115                android:value="androidx.camera.camera2.Camera2Config$DefaultProvider" />
115-->[androidx.camera:camera-camera2:1.3.0] AndroidManifest.xml:32:17-86
116        </service>
117
118        <provider
118-->[androidx.emoji2:emoji2:1.2.0] AndroidManifest.xml:24:9-32:20
119            android:name="androidx.startup.InitializationProvider"
119-->[androidx.emoji2:emoji2:1.2.0] AndroidManifest.xml:25:13-67
120            android:authorities="com.riqel.cybertool.androidx-startup"
120-->[androidx.emoji2:emoji2:1.2.0] AndroidManifest.xml:26:13-68
121            android:exported="false" >
121-->[androidx.emoji2:emoji2:1.2.0] AndroidManifest.xml:27:13-37
122            <meta-data
122-->[androidx.emoji2:emoji2:1.2.0] AndroidManifest.xml:29:13-31:52
123                android:name="androidx.emoji2.text.EmojiCompatInitializer"
123-->[androidx.emoji2:emoji2:1.2.0] AndroidManifest.xml:30:17-75
124                android:value="androidx.startup" />
124-->[androidx.emoji2:emoji2:1.2.0] AndroidManifest.xml:31:17-49
125            <meta-data
125-->[androidx.work:work-runtime:2.9.0] AndroidManifest.xml:34:13-36:52
126                android:name="androidx.work.WorkManagerInitializer"
126-->[androidx.work:work-runtime:2.9.0] AndroidManifest.xml:35:17-68
127                android:value="androidx.startup" />
127-->[androidx.work:work-runtime:2.9.0] AndroidManifest.xml:36:17-49
128            <meta-data
128-->[androidx.lifecycle:lifecycle-process:2.6.1] AndroidManifest.xml:29:13-31:52
129                android:name="androidx.lifecycle.ProcessLifecycleInitializer"
129-->[androidx.lifecycle:lifecycle-process:2.6.1] AndroidManifest.xml:30:17-78
130                android:value="androidx.startup" />
130-->[androidx.lifecycle:lifecycle-process:2.6.1] AndroidManifest.xml:31:17-49
131            <meta-data
131-->[androidx.profileinstaller:profileinstaller:1.3.0] AndroidManifest.xml:29:13-31:52
132                android:name="androidx.profileinstaller.ProfileInstallerInitializer"
132-->[androidx.profileinstaller:profileinstaller:1.3.0] AndroidManifest.xml:30:17-85
133                android:value="androidx.startup" />
133-->[androidx.profileinstaller:profileinstaller:1.3.0] AndroidManifest.xml:31:17-49
134        </provider>
135
136        <service
136-->[androidx.work:work-runtime:2.9.0] AndroidManifest.xml:39:9-45:35
137            android:name="androidx.work.impl.background.systemalarm.SystemAlarmService"
137-->[androidx.work:work-runtime:2.9.0] AndroidManifest.xml:40:13-88
138            android:directBootAware="false"
138-->[androidx.work:work-runtime:2.9.0] AndroidManifest.xml:41:13-44
139            android:enabled="@bool/enable_system_alarm_service_default"
139-->[androidx.work:work-runtime:2.9.0] AndroidManifest.xml:42:13-72
140            android:exported="false" />
140-->[androidx.work:work-runtime:2.9.0] AndroidManifest.xml:43:13-37
141        <service
141-->[androidx.work:work-runtime:2.9.0] AndroidManifest.xml:46:9-52:35
142            android:name="androidx.work.impl.background.systemjob.SystemJobService"
142-->[androidx.work:work-runtime:2.9.0] AndroidManifest.xml:47:13-84
143            android:directBootAware="false"
143-->[androidx.work:work-runtime:2.9.0] AndroidManifest.xml:48:13-44
144            android:enabled="@bool/enable_system_job_service_default"
144-->[androidx.work:work-runtime:2.9.0] AndroidManifest.xml:49:13-70
145            android:exported="true"
145-->[androidx.work:work-runtime:2.9.0] AndroidManifest.xml:50:13-36
146            android:permission="android.permission.BIND_JOB_SERVICE" />
146-->[androidx.work:work-runtime:2.9.0] AndroidManifest.xml:51:13-69
147        <service
147-->[androidx.work:work-runtime:2.9.0] AndroidManifest.xml:53:9-59:35
148            android:name="androidx.work.impl.foreground.SystemForegroundService"
148-->[androidx.work:work-runtime:2.9.0] AndroidManifest.xml:54:13-81
149            android:directBootAware="false"
149-->[androidx.work:work-runtime:2.9.0] AndroidManifest.xml:55:13-44
150            android:enabled="@bool/enable_system_foreground_service_default"
150-->[androidx.work:work-runtime:2.9.0] AndroidManifest.xml:56:13-77
151            android:exported="false" />
151-->[androidx.work:work-runtime:2.9.0] AndroidManifest.xml:57:13-37
152
153        <receiver
153-->[androidx.work:work-runtime:2.9.0] AndroidManifest.xml:61:9-66:35
154            android:name="androidx.work.impl.utils.ForceStopRunnable$BroadcastReceiver"
154-->[androidx.work:work-runtime:2.9.0] AndroidManifest.xml:62:13-88
155            android:directBootAware="false"
155-->[androidx.work:work-runtime:2.9.0] AndroidManifest.xml:63:13-44
156            android:enabled="true"
156-->[androidx.work:work-runtime:2.9.0] AndroidManifest.xml:64:13-35
157            android:exported="false" />
157-->[androidx.work:work-runtime:2.9.0] AndroidManifest.xml:65:13-37
158        <receiver
158-->[androidx.work:work-runtime:2.9.0] AndroidManifest.xml:67:9-77:20
159            android:name="androidx.work.impl.background.systemalarm.ConstraintProxy$BatteryChargingProxy"
159-->[androidx.work:work-runtime:2.9.0] AndroidManifest.xml:68:13-106
160            android:directBootAware="false"
160-->[androidx.work:work-runtime:2.9.0] AndroidManifest.xml:69:13-44
161            android:enabled="false"
161-->[androidx.work:work-runtime:2.9.0] AndroidManifest.xml:70:13-36
162            android:exported="false" >
162-->[androidx.work:work-runtime:2.9.0] AndroidManifest.xml:71:13-37
163            <intent-filter>
163-->[androidx.work:work-runtime:2.9.0] AndroidManifest.xml:73:13-76:29
164                <action android:name="android.intent.action.ACTION_POWER_CONNECTED" />
164-->[androidx.work:work-runtime:2.9.0] AndroidManifest.xml:74:17-87
164-->[androidx.work:work-runtime:2.9.0] AndroidManifest.xml:74:25-84
165                <action android:name="android.intent.action.ACTION_POWER_DISCONNECTED" />
165-->[androidx.work:work-runtime:2.9.0] AndroidManifest.xml:75:17-90
165-->[androidx.work:work-runtime:2.9.0] AndroidManifest.xml:75:25-87
166            </intent-filter>
167        </receiver>
168        <receiver
168-->[androidx.work:work-runtime:2.9.0] AndroidManifest.xml:78:9-88:20
169            android:name="androidx.work.impl.background.systemalarm.ConstraintProxy$BatteryNotLowProxy"
169-->[androidx.work:work-runtime:2.9.0] AndroidManifest.xml:79:13-104
170            android:directBootAware="false"
170-->[androidx.work:work-runtime:2.9.0] AndroidManifest.xml:80:13-44
171            android:enabled="false"
171-->[androidx.work:work-runtime:2.9.0] AndroidManifest.xml:81:13-36
172            android:exported="false" >
172-->[androidx.work:work-runtime:2.9.0] AndroidManifest.xml:82:13-37
173            <intent-filter>
173-->[androidx.work:work-runtime:2.9.0] AndroidManifest.xml:84:13-87:29
174                <action android:name="android.intent.action.BATTERY_OKAY" />
174-->[androidx.work:work-runtime:2.9.0] AndroidManifest.xml:85:17-77
174-->[androidx.work:work-runtime:2.9.0] AndroidManifest.xml:85:25-74
175                <action android:name="android.intent.action.BATTERY_LOW" />
175-->[androidx.work:work-runtime:2.9.0] AndroidManifest.xml:86:17-76
175-->[androidx.work:work-runtime:2.9.0] AndroidManifest.xml:86:25-73
176            </intent-filter>
177        </receiver>
178        <receiver
178-->[androidx.work:work-runtime:2.9.0] AndroidManifest.xml:89:9-99:20
179            android:name="androidx.work.impl.background.systemalarm.ConstraintProxy$StorageNotLowProxy"
179-->[androidx.work:work-runtime:2.9.0] AndroidManifest.xml:90:13-104
180            android:directBootAware="false"
180-->[androidx.work:work-runtime:2.9.0] AndroidManifest.xml:91:13-44
181            android:enabled="false"
181-->[androidx.work:work-runtime:2.9.0] AndroidManifest.xml:92:13-36
182            android:exported="false" >
182-->[androidx.work:work-runtime:2.9.0] AndroidManifest.xml:93:13-37
183            <intent-filter>
183-->[androidx.work:work-runtime:2.9.0] AndroidManifest.xml:95:13-98:29
184                <action android:name="android.intent.action.DEVICE_STORAGE_LOW" />
184-->[androidx.work:work-runtime:2.9.0] AndroidManifest.xml:96:17-83
184-->[androidx.work:work-runtime:2.9.0] AndroidManifest.xml:96:25-80
185                <action android:name="android.intent.action.DEVICE_STORAGE_OK" />
185-->[androidx.work:work-runtime:2.9.0] AndroidManifest.xml:97:17-82
185-->[androidx.work:work-runtime:2.9.0] AndroidManifest.xml:97:25-79
186            </intent-filter>
187        </receiver>
188        <receiver
188-->[androidx.work:work-runtime:2.9.0] AndroidManifest.xml:100:9-109:20
189            android:name="androidx.work.impl.background.systemalarm.ConstraintProxy$NetworkStateProxy"
189-->[androidx.work:work-runtime:2.9.0] AndroidManifest.xml:101:13-103
190            android:directBootAware="false"
190-->[androidx.work:work-runtime:2.9.0] AndroidManifest.xml:102:13-44
191            android:enabled="false"
191-->[androidx.work:work-runtime:2.9.0] AndroidManifest.xml:103:13-36
192            android:exported="false" >
192-->[androidx.work:work-runtime:2.9.0] AndroidManifest.xml:104:13-37
193            <intent-filter>
193-->[androidx.work:work-runtime:2.9.0] AndroidManifest.xml:106:13-108:29
194                <action android:name="android.net.conn.CONNECTIVITY_CHANGE" />
194-->[androidx.work:work-runtime:2.9.0] AndroidManifest.xml:107:17-79
194-->[androidx.work:work-runtime:2.9.0] AndroidManifest.xml:107:25-76
195            </intent-filter>
196        </receiver>
197        <receiver
197-->[androidx.work:work-runtime:2.9.0] AndroidManifest.xml:110:9-121:20
198            android:name="androidx.work.impl.background.systemalarm.RescheduleReceiver"
198-->[androidx.work:work-runtime:2.9.0] AndroidManifest.xml:111:13-88
199            android:directBootAware="false"
199-->[androidx.work:work-runtime:2.9.0] AndroidManifest.xml:112:13-44
200            android:enabled="false"
200-->[androidx.work:work-runtime:2.9.0] AndroidManifest.xml:113:13-36
201            android:exported="false" >
201-->[androidx.work:work-runtime:2.9.0] AndroidManifest.xml:114:13-37
202            <intent-filter>
202-->[androidx.work:work-runtime:2.9.0] AndroidManifest.xml:116:13-120:29
203                <action android:name="android.intent.action.BOOT_COMPLETED" />
203-->src/main/AndroidManifest.xml:50:17-79
203-->src/main/AndroidManifest.xml:50:25-76
204                <action android:name="android.intent.action.TIME_SET" />
204-->[androidx.work:work-runtime:2.9.0] AndroidManifest.xml:118:17-73
204-->[androidx.work:work-runtime:2.9.0] AndroidManifest.xml:118:25-70
205                <action android:name="android.intent.action.TIMEZONE_CHANGED" />
205-->[androidx.work:work-runtime:2.9.0] AndroidManifest.xml:119:17-81
205-->[androidx.work:work-runtime:2.9.0] AndroidManifest.xml:119:25-78
206            </intent-filter>
207        </receiver>
208        <receiver
208-->[androidx.work:work-runtime:2.9.0] AndroidManifest.xml:122:9-131:20
209            android:name="androidx.work.impl.background.systemalarm.ConstraintProxyUpdateReceiver"
209-->[androidx.work:work-runtime:2.9.0] AndroidManifest.xml:123:13-99
210            android:directBootAware="false"
210-->[androidx.work:work-runtime:2.9.0] AndroidManifest.xml:124:13-44
211            android:enabled="@bool/enable_system_alarm_service_default"
211-->[androidx.work:work-runtime:2.9.0] AndroidManifest.xml:125:13-72
212            android:exported="false" >
212-->[androidx.work:work-runtime:2.9.0] AndroidManifest.xml:126:13-37
213            <intent-filter>
213-->[androidx.work:work-runtime:2.9.0] AndroidManifest.xml:128:13-130:29
214                <action android:name="androidx.work.impl.background.systemalarm.UpdateProxies" />
214-->[androidx.work:work-runtime:2.9.0] AndroidManifest.xml:129:17-98
214-->[androidx.work:work-runtime:2.9.0] AndroidManifest.xml:129:25-95
215            </intent-filter>
216        </receiver>
217        <receiver
217-->[androidx.work:work-runtime:2.9.0] AndroidManifest.xml:132:9-142:20
218            android:name="androidx.work.impl.diagnostics.DiagnosticsReceiver"
218-->[androidx.work:work-runtime:2.9.0] AndroidManifest.xml:133:13-78
219            android:directBootAware="false"
219-->[androidx.work:work-runtime:2.9.0] AndroidManifest.xml:134:13-44
220            android:enabled="true"
220-->[androidx.work:work-runtime:2.9.0] AndroidManifest.xml:135:13-35
221            android:exported="true"
221-->[androidx.work:work-runtime:2.9.0] AndroidManifest.xml:136:13-36
222            android:permission="android.permission.DUMP" >
222-->[androidx.work:work-runtime:2.9.0] AndroidManifest.xml:137:13-57
223            <intent-filter>
223-->[androidx.work:work-runtime:2.9.0] AndroidManifest.xml:139:13-141:29
224                <action android:name="androidx.work.diagnostics.REQUEST_DIAGNOSTICS" />
224-->[androidx.work:work-runtime:2.9.0] AndroidManifest.xml:140:17-88
224-->[androidx.work:work-runtime:2.9.0] AndroidManifest.xml:140:25-85
225            </intent-filter>
226        </receiver>
227
228        <service
228-->[androidx.room:room-runtime:2.6.1] AndroidManifest.xml:24:9-28:63
229            android:name="androidx.room.MultiInstanceInvalidationService"
229-->[androidx.room:room-runtime:2.6.1] AndroidManifest.xml:25:13-74
230            android:directBootAware="true"
230-->[androidx.room:room-runtime:2.6.1] AndroidManifest.xml:26:13-43
231            android:exported="false" />
231-->[androidx.room:room-runtime:2.6.1] AndroidManifest.xml:27:13-37
232
233        <receiver
233-->[androidx.profileinstaller:profileinstaller:1.3.0] AndroidManifest.xml:34:9-52:20
234            android:name="androidx.profileinstaller.ProfileInstallReceiver"
234-->[androidx.profileinstaller:profileinstaller:1.3.0] AndroidManifest.xml:35:13-76
235            android:directBootAware="false"
235-->[androidx.profileinstaller:profileinstaller:1.3.0] AndroidManifest.xml:36:13-44
236            android:enabled="true"
236-->[androidx.profileinstaller:profileinstaller:1.3.0] AndroidManifest.xml:37:13-35
237            android:exported="true"
237-->[androidx.profileinstaller:profileinstaller:1.3.0] AndroidManifest.xml:38:13-36
238            android:permission="android.permission.DUMP" >
238-->[androidx.profileinstaller:profileinstaller:1.3.0] AndroidManifest.xml:39:13-57
239            <intent-filter>
239-->[androidx.profileinstaller:profileinstaller:1.3.0] AndroidManifest.xml:40:13-42:29
240                <action android:name="androidx.profileinstaller.action.INSTALL_PROFILE" />
240-->[androidx.profileinstaller:profileinstaller:1.3.0] AndroidManifest.xml:41:17-91
240-->[androidx.profileinstaller:profileinstaller:1.3.0] AndroidManifest.xml:41:25-88
241            </intent-filter>
242            <intent-filter>
242-->[androidx.profileinstaller:profileinstaller:1.3.0] AndroidManifest.xml:43:13-45:29
243                <action android:name="androidx.profileinstaller.action.SKIP_FILE" />
243-->[androidx.profileinstaller:profileinstaller:1.3.0] AndroidManifest.xml:44:17-85
243-->[androidx.profileinstaller:profileinstaller:1.3.0] AndroidManifest.xml:44:25-82
244            </intent-filter>
245            <intent-filter>
245-->[androidx.profileinstaller:profileinstaller:1.3.0] AndroidManifest.xml:46:13-48:29
246                <action android:name="androidx.profileinstaller.action.SAVE_PROFILE" />
246-->[androidx.profileinstaller:profileinstaller:1.3.0] AndroidManifest.xml:47:17-88
246-->[androidx.profileinstaller:profileinstaller:1.3.0] AndroidManifest.xml:47:25-85
247            </intent-filter>
248            <intent-filter>
248-->[androidx.profileinstaller:profileinstaller:1.3.0] AndroidManifest.xml:49:13-51:29
249                <action android:name="androidx.profileinstaller.action.BENCHMARK_OPERATION" />
249-->[androidx.profileinstaller:profileinstaller:1.3.0] AndroidManifest.xml:50:17-95
249-->[androidx.profileinstaller:profileinstaller:1.3.0] AndroidManifest.xml:50:25-92
250            </intent-filter>
251        </receiver>
252    </application>
253
254</manifest>